# JRE version: OpenJDK Runtime Environment (8.0_275-b01) (build 1.8.0_275-b01)
# Java VM: OpenJDK 64-Bit Server VM (25.275-b01 mixed mode windows-amd64 compressed oops)
Heap:
 PSYoungGen      total 54784K, used 31438K [0x000000076ab00000, 0x000000076e900000, 0x00000007c0000000)
  eden space 47104K, 66% used [0x000000076ab00000,0x000000076c9b3998,0x000000076d900000)
  from space 7680K, 0% used [0x000000076e180000,0x000000076e180000,0x000000076e900000)
  to   space 8192K, 0% used [0x000000076d900000,0x000000076d900000,0x000000076e100000)
 ParOldGen       total 45568K, used 8673K [0x00000006c0000000, 0x00000006c2c80000, 0x000000076ab00000)
  object space 45568K, 19% used [0x00000006c0000000,0x00000006c0878710,0x00000006c2c80000)
 Metaspace       used 25753K, capacity 26312K, committed 26624K, reserved 1073152K
  class space    used 3545K, capacity 3728K, committed 3840K, reserved 1048576K
GC Heap History (10 events):
Event: 3.378 GC heap before
{Heap before GC invocations=5 (full 0):
 PSYoungGen      total 28672K, used 28672K [0x000000076ab00000, 0x000000076cb00000, 0x00000007c0000000)
  eden space 24576K, 100% used [0x000000076ab00000,0x000000076c300000,0x000000076c300000)
  from space 4096K, 100% used [0x000000076c700000,0x000000076cb00000,0x000000076cb00000)
  to   space 4096K, 0% used [0x000000076c300000,0x000000076c300000,0x000000076c700000)
 ParOldGen       total 65536K, used 1915K [0x00000006c0000000, 0x00000006c4000000, 0x000000076ab00000)
  object space 65536K, 2% used [0x00000006c0000000,0x00000006c01deee8,0x00000006c4000000)
 Metaspace       used 14159K, capacity 14454K, committed 14720K, reserved 1062912K
  class space    used 2007K, capacity 2133K, committed 2176K, reserved 1048576K
Event: 3.384 GC heap after
Heap after GC invocations=5 (full 0):
 PSYoungGen      total 28160K, used 4080K [0x000000076ab00000, 0x000000076d280000, 0x00000007c0000000)
  eden space 24064K, 0% used [0x000000076ab00000,0x000000076ab00000,0x000000076c280000)
  from space 4096K, 99% used [0x000000076c300000,0x000000076c6fc010,0x000000076c700000)
  to   space 8192K, 0% used [0x000000076ca80000,0x000000076ca80000,0x000000076d280000)
 ParOldGen       total 65536K, used 4732K [0x00000006c0000000, 0x00000006c4000000, 0x000000076ab00000)
  object space 65536K, 7% used [0x00000006c0000000,0x00000006c049f090,0x00000006c4000000)
 Metaspace       used 14159K, capacity 14454K, committed 14720K, reserved 1062912K
  class space    used 2007K, capacity 2133K, committed 2176K, reserved 1048576K
}
Event: 3.731 GC heap before
{Heap before GC invocations=6 (full 0):
 PSYoungGen      total 28160K, used 28144K [0x000000076ab00000, 0x000000076d280000, 0x00000007c0000000)
  eden space 24064K, 100% used [0x000000076ab00000,0x000000076c280000,0x000000076c280000)
  from space 4096K, 99% used [0x000000076c300000,0x000000076c6fc010,0x000000076c700000)
  to   space 8192K, 0% used [0x000000076ca80000,0x000000076ca80000,0x000000076d280000)
 ParOldGen       total 65536K, used 4732K [0x00000006c0000000, 0x00000006c4000000, 0x000000076ab00000)
  object space 65536K, 7% used [0x00000006c0000000,0x00000006c049f090,0x00000006c4000000)
 Metaspace       used 15839K, capacity 16258K, committed 16640K, reserved 1062912K
  class space    used 2299K, capacity 2441K, committed 2560K, reserved 1048576K
Event: 3.743 GC heap after
Heap after GC invocations=6 (full 0):
 PSYoungGen      total 31744K, used 6624K [0x000000076ab00000, 0x000000076eb00000, 0x00000007c0000000)
  eden space 23552K, 0% used [0x000000076ab00000,0x000000076ab00000,0x000000076c200000)
  from space 8192K, 80% used [0x000000076ca80000,0x000000076d0f83c8,0x000000076d280000)
  to   space 8704K, 0% used [0x000000076c200000,0x000000076c200000,0x000000076ca80000)
 ParOldGen       total 65536K, used 4740K [0x00000006c0000000, 0x00000006c4000000, 0x000000076ab00000)
  object space 65536K, 7% used [0x00000006c0000000,0x00000006c04a1090,0x00000006c4000000)
 Metaspace       used 15839K, capacity 16258K, committed 16640K, reserved 1062912K
  class space    used 2299K, capacity 2441K, committed 2560K, reserved 1048576K
}
Event: 4.219 GC heap before
{Heap before GC invocations=7 (full 0):
 PSYoungGen      total 31744K, used 30176K [0x000000076ab00000, 0x000000076eb00000, 0x00000007c0000000)
  eden space 23552K, 100% used [0x000000076ab00000,0x000000076c200000,0x000000076c200000)
  from space 8192K, 80% used [0x000000076ca80000,0x000000076d0f83c8,0x000000076d280000)
  to   space 8704K, 0% used [0x000000076c200000,0x000000076c200000,0x000000076ca80000)
 ParOldGen       total 65536K, used 4740K [0x00000006c0000000, 0x00000006c4000000, 0x000000076ab00000)
  object space 65536K, 7% used [0x00000006c0000000,0x00000006c04a1090,0x00000006c4000000)
 Metaspace       used 18105K, capacity 18588K, committed 18816K, reserved 1064960K
  class space    used 2672K, capacity 2848K, committed 2944K, reserved 1048576K
Event: 4.224 GC heap after
Heap after GC invocations=7 (full 0):
 PSYoungGen      total 32256K, used 5776K [0x000000076ab00000, 0x000000076ea00000, 0x00000007c0000000)
  eden space 23552K, 0% used [0x000000076ab00000,0x000000076ab00000,0x000000076c200000)
  from space 8704K, 66% used [0x000000076c200000,0x000000076c7a4118,0x000000076ca80000)
  to   space 8704K, 0% used [0x000000076e180000,0x000000076e180000,0x000000076ea00000)
 ParOldGen       total 65536K, used 6456K [0x00000006c0000000, 0x00000006c4000000, 0x000000076ab00000)
  object space 65536K, 9% used [0x00000006c0000000,0x00000006c064e0f0,0x00000006c4000000)
 Metaspace       used 18105K, capacity 18588K, committed 18816K, reserved 1064960K
  class space    used 2672K, capacity 2848K, committed 2944K, reserved 1048576K
}
Event: 4.477 GC heap before
{Heap before GC invocations=8 (full 0):
 PSYoungGen      total 32256K, used 25952K [0x000000076ab00000, 0x000000076ea00000, 0x00000007c0000000)
  eden space 23552K, 85% used [0x000000076ab00000,0x000000076beb4298,0x000000076c200000)
  from space 8704K, 66% used [0x000000076c200000,0x000000076c7a4118,0x000000076ca80000)
  to   space 8704K, 0% used [0x000000076e180000,0x000000076e180000,0x000000076ea00000)
 ParOldGen       total 65536K, used 6456K [0x00000006c0000000, 0x00000006c4000000, 0x000000076ab00000)
  object space 65536K, 9% used [0x00000006c0000000,0x00000006c064e0f0,0x00000006c4000000)
 Metaspace       used 20657K, capacity 21108K, committed 21296K, reserved 1067008K
  class space    used 3003K, capacity 3172K, committed 3200K, reserved 1048576K
Event: 4.483 GC heap after
Heap after GC invocations=8 (full 0):
 PSYoungGen      total 54784K, used 5163K [0x000000076ab00000, 0x000000076e900000, 0x00000007c0000000)
  eden space 47104K, 0% used [0x000000076ab00000,0x000000076ab00000,0x000000076d900000)
  from space 7680K, 67% used [0x000000076e180000,0x000000076e68af20,0x000000076e900000)
  to   space 8192K, 0% used [0x000000076d900000,0x000000076d900000,0x000000076e100000)
 ParOldGen       total 65536K, used 8072K [0x00000006c0000000, 0x00000006c4000000, 0x000000076ab00000)
  object space 65536K, 12% used [0x00000006c0000000,0x00000006c07e2168,0x00000006c4000000)
 Metaspace       used 20657K, capacity 21108K, committed 21296K, reserved 1067008K
  class space    used 3003K, capacity 3172K, committed 3200K, reserved 1048576K
}
Event: 4.483 GC heap before
{Heap before GC invocations=9 (full 1):
 PSYoungGen      total 54784K, used 5163K [0x000000076ab00000, 0x000000076e900000, 0x00000007c0000000)
  eden space 47104K, 0% used [0x000000076ab00000,0x000000076ab00000,0x000000076d900000)
  from space 7680K, 67% used [0x000000076e180000,0x000000076e68af20,0x000000076e900000)
  to   space 8192K, 0% used [0x000000076d900000,0x000000076d900000,0x000000076e100000)
 ParOldGen       total 65536K, used 8072K [0x00000006c0000000, 0x00000006c4000000, 0x000000076ab00000)
  object space 65536K, 12% used [0x00000006c0000000,0x00000006c07e2168,0x00000006c4000000)
 Metaspace       used 20657K, capacity 21108K, committed 21296K, reserved 1067008K
  class space    used 3003K, capacity 3172K, committed 3200K, reserved 1048576K
Event: 4.526 GC heap after
Heap after GC invocations=9 (full 1):
 PSYoungGen      total 54784K, used 0K [0x000000076ab00000, 0x000000076e900000, 0x00000007c0000000)
  eden space 47104K, 0% used [0x000000076ab00000,0x000000076ab00000,0x000000076d900000)
  from space 7680K, 0% used [0x000000076e180000,0x000000076e180000,0x000000076e900000)
  to   space 8192K, 0% used [0x000000076d900000,0x000000076d900000,0x000000076e100000)
 ParOldGen       total 45568K, used 8673K [0x00000006c0000000, 0x00000006c2c80000, 0x000000076ab00000)
  object space 45568K, 19% used [0x00000006c0000000,0x00000006c0878710,0x00000006c2c80000)
 Metaspace       used 20657K, capacity 21108K, committed 21296K, reserved 1067008K
  class space    used 3003K, capacity 3172K, committed 3200K, reserved 1048576K
}

